-- Found ament_cmake: 1.3.10 (/opt/ros/humble/share/ament_cmake/cmake)
-- Found ament_lint_auto: 0.12.11 (/opt/ros/humble/share/ament_lint_auto/cmake)
-- Found geometry_msgs: 4.2.4 (/opt/ros/humble/share/geometry_msgs/cmake)
-- Found rosidl_generator_c: 3.1.5 (/opt/ros/humble/share/rosidl_generator_c/cmake)
-- Found rosidl_adapter: 3.1.5 (/opt/ros/humble/share/rosidl_adapter/cmake)
-- Found rosidl_generator_cpp: 3.1.5 (/opt/ros/humble/share/rosidl_generator_cpp/cmake)
-- Using all available rosidl_typesupport_c: rosidl_typesupport_fastrtps_c;rosidl_typesupport_introspection_c
-- Using all available rosidl_typesupport_cpp: rosidl_typesupport_fastrtps_cpp;rosidl_typesupport_introspection_cpp
-- Found rosidl_default_generators: 1.2.0 (/opt/ros/humble/share/rosidl_default_generators/cmake)
-- Found ament_cmake_ros: 0.10.0 (/opt/ros/humble/share/ament_cmake_ros/cmake)
-- Using all available rosidl_typesupport_c: rosidl_typesupport_fastrtps_c;rosidl_typesupport_introspection_c
-- Using all available rosidl_typesupport_cpp: rosidl_typesupport_fastrtps_cpp;rosidl_typesupport_introspection_cpp
-- Found python_cmake_module: 0.10.0 (/opt/ros/humble/share/python_cmake_module/cmake)
-- Using PYTHON_EXECUTABLE: /usr/bin/python3
-- Using PYTHON_INCLUDE_DIRS: /usr/include/python3.10
-- Using PYTHON_LIBRARIES: /usr/lib/x86_64-linux-gnu/libpython3.10.so
-- Added test 'lint_cmake' to check CMake code style
-- Added test 'xmllint' to check XML markup files
-- Configuring done
-- Generating done
-- Build files have been written to: /home/xander/firmware_overall/ros2_wk/build/firmware_interfaces
[  3%] [32mBuilding C object CMakeFiles/firmware_interfaces__rosidl_generator_c.dir/rosidl_generator_c/firmware_interfaces/msg/detail/twist_and_req__functions.c.o[0m
[  6%] Built target firmware_interfaces__cpp
In file included from [01m[K/home/xander/firmware_overall/ros2_wk/build/firmware_interfaces/rosidl_generator_c/firmware_interfaces/msg/detail/twist_and_req__functions.h:19[m[K,
                 from [01m[K/home/xander/firmware_overall/ros2_wk/build/firmware_interfaces/rosidl_generator_c/firmware_interfaces/msg/detail/twist_and_req__functions.c:4[m[K:
[01m[K/home/xander/firmware_overall/ros2_wk/build/firmware_interfaces/rosidl_generator_c/firmware_interfaces/msg/detail/twist_and_req__struct.h:24:10:[m[K [01;31m[Kfatal error: [m[Kgeometry_msgs/msg/detail/twist__struct.h: No such file or directory
   24 | #include [01;31m[K"geometry_msgs/msg/detail/twist__struct.h"[m[K
      |          [01;31m[K^~~~~~~~~~~~~~~~~~~~~~~~~~~~~~~~~~~~~~~~~~[m[K
compilation terminated.
gmake[2]: *** [CMakeFiles/firmware_interfaces__rosidl_generator_c.dir/build.make:105: CMakeFiles/firmware_interfaces__rosidl_generator_c.dir/rosidl_generator_c/firmware_interfaces/msg/detail/twist_and_req__functions.c.o] Error 1
[  6%] Built target ament_cmake_python_copy_firmware_interfaces
gmake[1]: *** [CMakeFiles/Makefile2:213: CMakeFiles/firmware_interfaces__rosidl_generator_c.dir/all] Error 2
gmake[1]: *** Waiting for unfinished jobs....
[  9%] [32mBuilding CXX object CMakeFiles/firmware_interfaces__rosidl_typesupport_cpp.dir/rosidl_typesupport_cpp/firmware_interfaces/msg/twist_and_req__type_support.cpp.o[0m
[ 12%] [32mBuilding CXX object CMakeFiles/firmware_interfaces__rosidl_typesupport_fastrtps_cpp.dir/rosidl_typesupport_fastrtps_cpp/firmware_interfaces/msg/detail/dds_fastrtps/twist_and_req__type_support.cpp.o[0m
[ 16%] [32mBuilding CXX object CMakeFiles/firmware_interfaces__rosidl_typesupport_introspection_cpp.dir/rosidl_typesupport_introspection_cpp/firmware_interfaces/msg/detail/twist_and_req__type_support.cpp.o[0m
In file included from [01m[K/home/xander/firmware_overall/ros2_wk/build/firmware_interfaces/rosidl_typesupport_cpp/firmware_interfaces/msg/twist_and_req__type_support.cpp:7[m[K:
[01m[K/home/xander/firmware_overall/ros2_wk/build/firmware_interfaces/rosidl_generator_cpp/firmware_interfaces/msg/detail/twist_and_req__struct.hpp:20:10:[m[K [01;31m[Kfatal error: [m[Kgeometry_msgs/msg/detail/twist__struct.hpp: No such file or directory
   20 | #include [01;31m[K"geometry_msgs/msg/detail/twist__struct.hpp"[m[K
      |          [01;31m[K^~~~~~~~~~~~~~~~~~~~~~~~~~~~~~~~~~~~~~~~~~~~[m[K
compilation terminated.
In file included from [01m[K/home/xander/firmware_overall/ros2_wk/build/firmware_interfaces/rosidl_typesupport_introspection_cpp/firmware_interfaces/msg/detail/twist_and_req__type_support.cpp:12[m[K:
[01m[K/home/xander/firmware_overall/ros2_wk/build/firmware_interfaces/rosidl_generator_cpp/firmware_interfaces/msg/detail/twist_and_req__struct.hpp:20:10:[m[K [01;31m[Kfatal error: [m[Kgeometry_msgs/msg/detail/twist__struct.hpp: No such file or directory
   20 | #include [01;31m[K"geometry_msgs/msg/detail/twist__struct.hpp"[m[K
      |          [01;31m[K^~~~~~~~~~~~~~~~~~~~~~~~~~~~~~~~~~~~~~~~~~~~[m[K
compilation terminated.
gmake[2]: *** [CMakeFiles/firmware_interfaces__rosidl_typesupport_cpp.dir/build.make:86: CMakeFiles/firmware_interfaces__rosidl_typesupport_cpp.dir/rosidl_typesupport_cpp/firmware_interfaces/msg/twist_and_req__type_support.cpp.o] Error 1
gmake[1]: *** [CMakeFiles/Makefile2:395: CMakeFiles/firmware_interfaces__rosidl_typesupport_cpp.dir/all] Error 2
gmake[2]: *** [CMakeFiles/firmware_interfaces__rosidl_typesupport_introspection_cpp.dir/build.make:91: CMakeFiles/firmware_interfaces__rosidl_typesupport_introspection_cpp.dir/rosidl_typesupport_introspection_cpp/firmware_interfaces/msg/detail/twist_and_req__type_support.cpp.o] Error 1
gmake[1]: *** [CMakeFiles/Makefile2:369: CMakeFiles/firmware_interfaces__rosidl_typesupport_introspection_cpp.dir/all] Error 2
In file included from [01m[K/home/xander/firmware_overall/ros2_wk/build/firmware_interfaces/rosidl_typesupport_fastrtps_cpp/firmware_interfaces/msg/detail/twist_and_req__rosidl_typesupport_fastrtps_cpp.hpp:11[m[K,
                 from [01m[K/home/xander/firmware_overall/ros2_wk/build/firmware_interfaces/rosidl_typesupport_fastrtps_cpp/firmware_interfaces/msg/detail/dds_fastrtps/twist_and_req__type_support.cpp:4[m[K:
[01m[K/home/xander/firmware_overall/ros2_wk/build/firmware_interfaces/rosidl_generator_cpp/firmware_interfaces/msg/detail/twist_and_req__struct.hpp:20:10:[m[K [01;31m[Kfatal error: [m[Kgeometry_msgs/msg/detail/twist__struct.hpp: No such file or directory
   20 | #include [01;31m[K"geometry_msgs/msg/detail/twist__struct.hpp"[m[K
      |          [01;31m[K^~~~~~~~~~~~~~~~~~~~~~~~~~~~~~~~~~~~~~~~~~~~[m[K
compilation terminated.
gmake[2]: *** [CMakeFiles/firmware_interfaces__rosidl_typesupport_fastrtps_cpp.dir/build.make:91: CMakeFiles/firmware_interfaces__rosidl_typesupport_fastrtps_cpp.dir/rosidl_typesupport_fastrtps_cpp/firmware_interfaces/msg/detail/dds_fastrtps/twist_and_req__type_support.cpp.o] Error 1
gmake[1]: *** [CMakeFiles/Makefile2:291: CMakeFiles/firmware_interfaces__rosidl_typesupport_fastrtps_cpp.dir/all] Error 2
gmake: *** [Makefile:146: all] Error 2
