[0.098s] Invoking command in '/home/xander/firmware_overall/ros2_wk/build/firmware_interfaces': CMAKE_PREFIX_PATH=${CMAKE_PREFIX_PATH}:/home/xander/ros2_ws/install/my_py_pkg:/opt/ros/humble /usr/bin/cmake --build /home/xander/firmware_overall/ros2_wk/build/firmware_interfaces -- -j6 -l6
[0.113s] -- Found ament_cmake: 1.3.10 (/opt/ros/humble/share/ament_cmake/cmake)
[0.315s] -- Found ament_lint_auto: 0.12.11 (/opt/ros/humble/share/ament_lint_auto/cmake)
[0.406s] -- Found geometry_msgs: 4.2.4 (/opt/ros/humble/share/geometry_msgs/cmake)
[0.427s] -- Found rosidl_generator_c: 3.1.5 (/opt/ros/humble/share/rosidl_generator_c/cmake)
[0.429s] -- Found rosidl_adapter: 3.1.5 (/opt/ros/humble/share/rosidl_adapter/cmake)
[0.433s] -- Found rosidl_generator_cpp: 3.1.5 (/opt/ros/humble/share/rosidl_generator_cpp/cmake)
[0.448s] -- Using all available rosidl_typesupport_c: rosidl_typesupport_fastrtps_c;rosidl_typesupport_introspection_c
[0.457s] -- Using all available rosidl_typesupport_cpp: rosidl_typesupport_fastrtps_cpp;rosidl_typesupport_introspection_cpp
[0.483s] -- Found rosidl_default_generators: 1.2.0 (/opt/ros/humble/share/rosidl_default_generators/cmake)
[0.620s] -- Found ament_cmake_ros: 0.10.0 (/opt/ros/humble/share/ament_cmake_ros/cmake)
[0.877s] -- Using all available rosidl_typesupport_c: rosidl_typesupport_fastrtps_c;rosidl_typesupport_introspection_c
[1.028s] -- Using all available rosidl_typesupport_cpp: rosidl_typesupport_fastrtps_cpp;rosidl_typesupport_introspection_cpp
[1.048s] -- Found python_cmake_module: 0.10.0 (/opt/ros/humble/share/python_cmake_module/cmake)
[1.068s] -- Using PYTHON_EXECUTABLE: /usr/bin/python3
[1.068s] -- Using PYTHON_INCLUDE_DIRS: /usr/include/python3.10
[1.068s] -- Using PYTHON_LIBRARIES: /usr/lib/x86_64-linux-gnu/libpython3.10.so
[1.079s] -- Added test 'lint_cmake' to check CMake code style
[1.079s] -- Added test 'xmllint' to check XML markup files
[1.080s] -- Configuring done
[1.125s] -- Generating done
[1.127s] -- Build files have been written to: /home/xander/firmware_overall/ros2_wk/build/firmware_interfaces
[1.206s] [  3%] [32mBuilding C object CMakeFiles/firmware_interfaces__rosidl_generator_c.dir/rosidl_generator_c/firmware_interfaces/msg/detail/twist_and_req__functions.c.o[0m
[1.206s] [  6%] Built target firmware_interfaces__cpp
[1.244s] In file included from [01m[K/home/xander/firmware_overall/ros2_wk/build/firmware_interfaces/rosidl_generator_c/firmware_interfaces/msg/detail/twist_and_req__functions.h:19[m[K,
[1.244s]                  from [01m[K/home/xander/firmware_overall/ros2_wk/build/firmware_interfaces/rosidl_generator_c/firmware_interfaces/msg/detail/twist_and_req__functions.c:4[m[K:
[1.244s] [01m[K/home/xander/firmware_overall/ros2_wk/build/firmware_interfaces/rosidl_generator_c/firmware_interfaces/msg/detail/twist_and_req__struct.h:24:10:[m[K [01;31m[Kfatal error: [m[Kgeometry_msgs/msg/detail/twist__struct.h: No such file or directory
[1.258s]    24 | #include [01;31m[K"geometry_msgs/msg/detail/twist__struct.h"[m[K
[1.258s]       |          [01;31m[K^~~~~~~~~~~~~~~~~~~~~~~~~~~~~~~~~~~~~~~~~~[m[K
[1.260s] compilation terminated.
[1.260s] gmake[2]: *** [CMakeFiles/firmware_interfaces__rosidl_generator_c.dir/build.make:105: CMakeFiles/firmware_interfaces__rosidl_generator_c.dir/rosidl_generator_c/firmware_interfaces/msg/detail/twist_and_req__functions.c.o] Error 1
[1.260s] [  6%] Built target ament_cmake_python_copy_firmware_interfaces
[1.265s] gmake[1]: *** [CMakeFiles/Makefile2:213: CMakeFiles/firmware_interfaces__rosidl_generator_c.dir/all] Error 2
[1.265s] gmake[1]: *** Waiting for unfinished jobs....
[1.291s] [  9%] [32mBuilding CXX object CMakeFiles/firmware_interfaces__rosidl_typesupport_cpp.dir/rosidl_typesupport_cpp/firmware_interfaces/msg/twist_and_req__type_support.cpp.o[0m
[1.295s] [ 12%] [32mBuilding CXX object CMakeFiles/firmware_interfaces__rosidl_typesupport_fastrtps_cpp.dir/rosidl_typesupport_fastrtps_cpp/firmware_interfaces/msg/detail/dds_fastrtps/twist_and_req__type_support.cpp.o[0m
[1.296s] [ 16%] [32mBuilding CXX object CMakeFiles/firmware_interfaces__rosidl_typesupport_introspection_cpp.dir/rosidl_typesupport_introspection_cpp/firmware_interfaces/msg/detail/twist_and_req__type_support.cpp.o[0m
[1.329s] In file included from [01m[K/home/xander/firmware_overall/ros2_wk/build/firmware_interfaces/rosidl_typesupport_cpp/firmware_interfaces/msg/twist_and_req__type_support.cpp:7[m[K:
[1.329s] [01m[K/home/xander/firmware_overall/ros2_wk/build/firmware_interfaces/rosidl_generator_cpp/firmware_interfaces/msg/detail/twist_and_req__struct.hpp:20:10:[m[K [01;31m[Kfatal error: [m[Kgeometry_msgs/msg/detail/twist__struct.hpp: No such file or directory
[1.329s]    20 | #include [01;31m[K"geometry_msgs/msg/detail/twist__struct.hpp"[m[K
[1.329s]       |          [01;31m[K^~~~~~~~~~~~~~~~~~~~~~~~~~~~~~~~~~~~~~~~~~~~[m[K
[1.330s] compilation terminated.
[1.335s] In file included from [01m[K/home/xander/firmware_overall/ros2_wk/build/firmware_interfaces/rosidl_typesupport_introspection_cpp/firmware_interfaces/msg/detail/twist_and_req__type_support.cpp:12[m[K:
[1.336s] [01m[K/home/xander/firmware_overall/ros2_wk/build/firmware_interfaces/rosidl_generator_cpp/firmware_interfaces/msg/detail/twist_and_req__struct.hpp:20:10:[m[K [01;31m[Kfatal error: [m[Kgeometry_msgs/msg/detail/twist__struct.hpp: No such file or directory
[1.336s]    20 | #include [01;31m[K"geometry_msgs/msg/detail/twist__struct.hpp"[m[K
[1.336s]       |          [01;31m[K^~~~~~~~~~~~~~~~~~~~~~~~~~~~~~~~~~~~~~~~~~~~[m[K
[1.336s] compilation terminated.
[1.336s] gmake[2]: *** [CMakeFiles/firmware_interfaces__rosidl_typesupport_cpp.dir/build.make:86: CMakeFiles/firmware_interfaces__rosidl_typesupport_cpp.dir/rosidl_typesupport_cpp/firmware_interfaces/msg/twist_and_req__type_support.cpp.o] Error 1
[1.336s] gmake[1]: *** [CMakeFiles/Makefile2:395: CMakeFiles/firmware_interfaces__rosidl_typesupport_cpp.dir/all] Error 2
[1.337s] gmake[2]: *** [CMakeFiles/firmware_interfaces__rosidl_typesupport_introspection_cpp.dir/build.make:91: CMakeFiles/firmware_interfaces__rosidl_typesupport_introspection_cpp.dir/rosidl_typesupport_introspection_cpp/firmware_interfaces/msg/detail/twist_and_req__type_support.cpp.o] Error 1
[1.337s] gmake[1]: *** [CMakeFiles/Makefile2:369: CMakeFiles/firmware_interfaces__rosidl_typesupport_introspection_cpp.dir/all] Error 2
[1.342s] In file included from [01m[K/home/xander/firmware_overall/ros2_wk/build/firmware_interfaces/rosidl_typesupport_fastrtps_cpp/firmware_interfaces/msg/detail/twist_and_req__rosidl_typesupport_fastrtps_cpp.hpp:11[m[K,
[1.342s]                  from [01m[K/home/xander/firmware_overall/ros2_wk/build/firmware_interfaces/rosidl_typesupport_fastrtps_cpp/firmware_interfaces/msg/detail/dds_fastrtps/twist_and_req__type_support.cpp:4[m[K:
[1.342s] [01m[K/home/xander/firmware_overall/ros2_wk/build/firmware_interfaces/rosidl_generator_cpp/firmware_interfaces/msg/detail/twist_and_req__struct.hpp:20:10:[m[K [01;31m[Kfatal error: [m[Kgeometry_msgs/msg/detail/twist__struct.hpp: No such file or directory
[1.342s]    20 | #include [01;31m[K"geometry_msgs/msg/detail/twist__struct.hpp"[m[K
[1.342s]       |          [01;31m[K^~~~~~~~~~~~~~~~~~~~~~~~~~~~~~~~~~~~~~~~~~~~[m[K
[1.342s] compilation terminated.
[1.342s] gmake[2]: *** [CMakeFiles/firmware_interfaces__rosidl_typesupport_fastrtps_cpp.dir/build.make:91: CMakeFiles/firmware_interfaces__rosidl_typesupport_fastrtps_cpp.dir/rosidl_typesupport_fastrtps_cpp/firmware_interfaces/msg/detail/dds_fastrtps/twist_and_req__type_support.cpp.o] Error 1
[1.343s] gmake[1]: *** [CMakeFiles/Makefile2:291: CMakeFiles/firmware_interfaces__rosidl_typesupport_fastrtps_cpp.dir/all] Error 2
[1.343s] gmake: *** [Makefile:146: all] Error 2
[1.346s] Invoked command in '/home/xander/firmware_overall/ros2_wk/build/firmware_interfaces' returned '2': CMAKE_PREFIX_PATH=${CMAKE_PREFIX_PATH}:/home/xander/ros2_ws/install/my_py_pkg:/opt/ros/humble /usr/bin/cmake --build /home/xander/firmware_overall/ros2_wk/build/firmware_interfaces -- -j6 -l6
