[0.092s] Invoking command in '/home/xander/firmware_overall/ros2_wk/build/firmware_interfaces': CMAKE_PREFIX_PATH=${CMAKE_PREFIX_PATH}:/home/xander/ros2_ws/install/my_py_pkg:/opt/ros/humble /usr/bin/cmake --build /home/xander/firmware_overall/ros2_wk/build/firmware_interfaces -- -j6 -l6
[0.134s] -- Found ament_cmake: 1.3.10 (/opt/ros/humble/share/ament_cmake/cmake)
[0.349s] -- Found ament_lint_auto: 0.12.11 (/opt/ros/humble/share/ament_lint_auto/cmake)
[0.438s] -- Found geometry_msgs: 4.2.4 (/opt/ros/humble/share/geometry_msgs/cmake)
[0.484s] -- Found rosidl_generator_c: 3.1.5 (/opt/ros/humble/share/rosidl_generator_c/cmake)
[0.484s] -- Found rosidl_adapter: 3.1.5 (/opt/ros/humble/share/rosidl_adapter/cmake)
[0.489s] -- Found rosidl_generator_cpp: 3.1.5 (/opt/ros/humble/share/rosidl_generator_cpp/cmake)
[0.504s] -- Using all available rosidl_typesupport_c: rosidl_typesupport_fastrtps_c;rosidl_typesupport_introspection_c
[0.513s] -- Using all available rosidl_typesupport_cpp: rosidl_typesupport_fastrtps_cpp;rosidl_typesupport_introspection_cpp
[0.557s] -- Found rosidl_default_generators: 1.2.0 (/opt/ros/humble/share/rosidl_default_generators/cmake)
[0.723s] -- Found ament_cmake_ros: 0.10.0 (/opt/ros/humble/share/ament_cmake_ros/cmake)
[1.032s] -- Using all available rosidl_typesupport_c: rosidl_typesupport_fastrtps_c;rosidl_typesupport_introspection_c
[1.182s] -- Using all available rosidl_typesupport_cpp: rosidl_typesupport_fastrtps_cpp;rosidl_typesupport_introspection_cpp
[1.199s] -- Found PythonInterp: /usr/bin/python3 (found suitable version "3.10.12", minimum required is "3.6") 
[1.203s] -- Found python_cmake_module: 0.10.0 (/opt/ros/humble/share/python_cmake_module/cmake)
[1.241s] -- Found PythonLibs: /usr/lib/x86_64-linux-gnu/libpython3.10.so (found suitable version "3.10.12", minimum required is "3.5") 
[1.241s] -- Using PYTHON_EXECUTABLE: /usr/bin/python3
[1.241s] -- Using PYTHON_INCLUDE_DIRS: /usr/include/python3.10
[1.241s] -- Using PYTHON_LIBRARIES: /usr/lib/x86_64-linux-gnu/libpython3.10.so
[1.263s] -- Found PythonExtra: .so  
[1.292s] -- Added test 'lint_cmake' to check CMake code style
[1.293s] -- Added test 'xmllint' to check XML markup files
[1.307s] -- Configuring done
[1.336s] -- Generating done
[1.340s] -- Build files have been written to: /home/xander/firmware_overall/ros2_wk/build/firmware_interfaces
[1.375s] [  3%] [34m[1mGenerating C code for ROS interfaces[0m
[1.393s] [  6%] [34m[1mGenerating C++ code for ROS interfaces[0m
[1.397s] [  6%] Built target ament_cmake_python_copy_firmware_interfaces
[1.623s] running egg_info
[1.624s] creating firmware_interfaces.egg-info
[1.624s] writing firmware_interfaces.egg-info/PKG-INFO
[1.624s] writing dependency_links to firmware_interfaces.egg-info/dependency_links.txt
[1.624s] writing top-level names to firmware_interfaces.egg-info/top_level.txt
[1.624s] writing manifest file 'firmware_interfaces.egg-info/SOURCES.txt'
[1.630s] [  6%] Built target firmware_interfaces__cpp
[1.630s] reading manifest file 'firmware_interfaces.egg-info/SOURCES.txt'
[1.630s] writing manifest file 'firmware_interfaces.egg-info/SOURCES.txt'
[1.650s] [  9%] [34m[1mGenerating C++ type support dispatch for ROS interfaces[0m
[1.655s] [ 12%] [34m[1mGenerating C++ introspection for ROS interfaces[0m
[1.656s] [ 16%] [34m[1mGenerating C++ type support for eProsima Fast-RTPS[0m
[1.670s] [ 16%] Built target ament_cmake_python_build_firmware_interfaces_egg
[1.692s] In file included from [01m[K/home/xander/firmware_overall/ros2_wk/build/firmware_interfaces/rosidl_generator_c/firmware_interfaces/msg/detail/twist_and_req__functions.h:19[m[K,
[1.692s]                  from [01m[K/home/xander/firmware_overall/ros2_wk/build/firmware_interfaces/rosidl_generator_c/firmware_interfaces/msg/detail/twist_and_req__functions.c:4[m[K:
[1.692s] [01m[K/home/xander/firmware_overall/ros2_wk/build/firmware_interfaces/rosidl_generator_c/firmware_interfaces/msg/detail/twist_and_req__struct.h:24:10:[m[K [01;31m[Kfatal error: [m[Kgeometry_msgs/msg/detail/twist__struct.h: No such file or directory
[1.692s]    24 | #include [01;31m[K"geometry_msgs/msg/detail/twist__struct.h"[m[K
[1.693s]       |          [01;31m[K^~~~~~~~~~~~~~~~~~~~~~~~~~~~~~~~~~~~~~~~~~[m[K
[1.693s] compilation terminated.
[1.693s] [ 19%] [32mBuilding C object CMakeFiles/firmware_interfaces__rosidl_generator_c.dir/rosidl_generator_c/firmware_interfaces/msg/detail/twist_and_req__functions.c.o[0m
[1.694s] gmake[2]: *** [CMakeFiles/firmware_interfaces__rosidl_generator_c.dir/build.make:105: CMakeFiles/firmware_interfaces__rosidl_generator_c.dir/rosidl_generator_c/firmware_interfaces/msg/detail/twist_and_req__functions.c.o] Error 1
[1.696s] gmake[1]: *** [CMakeFiles/Makefile2:213: CMakeFiles/firmware_interfaces__rosidl_generator_c.dir/all] Error 2
[1.696s] gmake[1]: *** Waiting for unfinished jobs....
[1.821s] [ 22%] [32mBuilding CXX object CMakeFiles/firmware_interfaces__rosidl_typesupport_cpp.dir/rosidl_typesupport_cpp/firmware_interfaces/msg/twist_and_req__type_support.cpp.o[0m
[1.859s] [ 25%] [32mBuilding CXX object CMakeFiles/firmware_interfaces__rosidl_typesupport_fastrtps_cpp.dir/rosidl_typesupport_fastrtps_cpp/firmware_interfaces/msg/detail/dds_fastrtps/twist_and_req__type_support.cpp.o[0m
[1.860s] [ 29%] [32mBuilding CXX object CMakeFiles/firmware_interfaces__rosidl_typesupport_introspection_cpp.dir/rosidl_typesupport_introspection_cpp/firmware_interfaces/msg/detail/twist_and_req__type_support.cpp.o[0m
[1.871s] In file included from [01m[K/home/xander/firmware_overall/ros2_wk/build/firmware_interfaces/rosidl_typesupport_cpp/firmware_interfaces/msg/twist_and_req__type_support.cpp:7[m[K:
[1.871s] [01m[K/home/xander/firmware_overall/ros2_wk/build/firmware_interfaces/rosidl_generator_cpp/firmware_interfaces/msg/detail/twist_and_req__struct.hpp:20:10:[m[K [01;31m[Kfatal error: [m[Kgeometry_msgs/msg/detail/twist__struct.hpp: No such file or directory
[1.873s]    20 | #include [01;31m[K"geometry_msgs/msg/detail/twist__struct.hpp"[m[K
[1.873s]       |          [01;31m[K^~~~~~~~~~~~~~~~~~~~~~~~~~~~~~~~~~~~~~~~~~~~[m[K
[1.873s] compilation terminated.
[1.876s] gmake[2]: *** [CMakeFiles/firmware_interfaces__rosidl_typesupport_cpp.dir/build.make:86: CMakeFiles/firmware_interfaces__rosidl_typesupport_cpp.dir/rosidl_typesupport_cpp/firmware_interfaces/msg/twist_and_req__type_support.cpp.o] Error 1
[1.877s] gmake[1]: *** [CMakeFiles/Makefile2:395: CMakeFiles/firmware_interfaces__rosidl_typesupport_cpp.dir/all] Error 2
[1.908s] In file included from [01m[K/home/xander/firmware_overall/ros2_wk/build/firmware_interfaces/rosidl_typesupport_fastrtps_cpp/firmware_interfaces/msg/detail/twist_and_req__rosidl_typesupport_fastrtps_cpp.hpp:11[m[K,
[1.909s]                  from [01m[K/home/xander/firmware_overall/ros2_wk/build/firmware_interfaces/rosidl_typesupport_fastrtps_cpp/firmware_interfaces/msg/detail/dds_fastrtps/twist_and_req__type_support.cpp:4[m[K:
[1.909s] [01m[K/home/xander/firmware_overall/ros2_wk/build/firmware_interfaces/rosidl_generator_cpp/firmware_interfaces/msg/detail/twist_and_req__struct.hpp:20:10:[m[K [01;31m[Kfatal error: [m[Kgeometry_msgs/msg/detail/twist__struct.hpp: No such file or directory
[1.909s]    20 | #include [01;31m[K"geometry_msgs/msg/detail/twist__struct.hpp"[m[K
[1.909s]       |          [01;31m[K^~~~~~~~~~~~~~~~~~~~~~~~~~~~~~~~~~~~~~~~~~~~[m[K
[1.909s] compilation terminated.
[1.911s] gmake[2]: *** [CMakeFiles/firmware_interfaces__rosidl_typesupport_fastrtps_cpp.dir/build.make:91: CMakeFiles/firmware_interfaces__rosidl_typesupport_fastrtps_cpp.dir/rosidl_typesupport_fastrtps_cpp/firmware_interfaces/msg/detail/dds_fastrtps/twist_and_req__type_support.cpp.o] Error 1
[1.911s] gmake[1]: *** [CMakeFiles/Makefile2:291: CMakeFiles/firmware_interfaces__rosidl_typesupport_fastrtps_cpp.dir/all] Error 2
[1.916s] In file included from [01m[K/home/xander/firmware_overall/ros2_wk/build/firmware_interfaces/rosidl_typesupport_introspection_cpp/firmware_interfaces/msg/detail/twist_and_req__type_support.cpp:12[m[K:
[1.916s] [01m[K/home/xander/firmware_overall/ros2_wk/build/firmware_interfaces/rosidl_generator_cpp/firmware_interfaces/msg/detail/twist_and_req__struct.hpp:20:10:[m[K [01;31m[Kfatal error: [m[Kgeometry_msgs/msg/detail/twist__struct.hpp: No such file or directory
[1.916s]    20 | #include [01;31m[K"geometry_msgs/msg/detail/twist__struct.hpp"[m[K
[1.916s]       |          [01;31m[K^~~~~~~~~~~~~~~~~~~~~~~~~~~~~~~~~~~~~~~~~~~~[m[K
[1.916s] compilation terminated.
[1.918s] gmake[2]: *** [CMakeFiles/firmware_interfaces__rosidl_typesupport_introspection_cpp.dir/build.make:91: CMakeFiles/firmware_interfaces__rosidl_typesupport_introspection_cpp.dir/rosidl_typesupport_introspection_cpp/firmware_interfaces/msg/detail/twist_and_req__type_support.cpp.o] Error 1
[1.918s] gmake[1]: *** [CMakeFiles/Makefile2:369: CMakeFiles/firmware_interfaces__rosidl_typesupport_introspection_cpp.dir/all] Error 2
[1.918s] gmake: *** [Makefile:146: all] Error 2
[1.920s] Invoked command in '/home/xander/firmware_overall/ros2_wk/build/firmware_interfaces' returned '2': CMAKE_PREFIX_PATH=${CMAKE_PREFIX_PATH}:/home/xander/ros2_ws/install/my_py_pkg:/opt/ros/humble /usr/bin/cmake --build /home/xander/firmware_overall/ros2_wk/build/firmware_interfaces -- -j6 -l6
