In file included from [01m[K/home/xander/firmware_overall/ros2_wk/build/firmware_interfaces/rosidl_generator_c/firmware_interfaces/msg/detail/twist_and_req__functions.h:19[m[K,
                 from [01m[K/home/xander/firmware_overall/ros2_wk/build/firmware_interfaces/rosidl_generator_c/firmware_interfaces/msg/detail/twist_and_req__functions.c:4[m[K:
[01m[K/home/xander/firmware_overall/ros2_wk/build/firmware_interfaces/rosidl_generator_c/firmware_interfaces/msg/detail/twist_and_req__struct.h:24:10:[m[K [01;31m[Kfatal error: [m[Kgeometry_msgs/msg/detail/twist__struct.h: No such file or directory
   24 | #include [01;31m[K"geometry_msgs/msg/detail/twist__struct.h"[m[K
      |          [01;31m[K^~~~~~~~~~~~~~~~~~~~~~~~~~~~~~~~~~~~~~~~~~[m[K
compilation terminated.
gmake[2]: *** [CMakeFiles/firmware_interfaces__rosidl_generator_c.dir/build.make:105: CMakeFiles/firmware_interfaces__rosidl_generator_c.dir/rosidl_generator_c/firmware_interfaces/msg/detail/twist_and_req__functions.c.o] Error 1
gmake[1]: *** [CMakeFiles/Makefile2:213: CMakeFiles/firmware_interfaces__rosidl_generator_c.dir/all] Error 2
gmake[1]: *** Waiting for unfinished jobs....
In file included from [01m[K/home/xander/firmware_overall/ros2_wk/build/firmware_interfaces/rosidl_typesupport_cpp/firmware_interfaces/msg/twist_and_req__type_support.cpp:7[m[K:
[01m[K/home/xander/firmware_overall/ros2_wk/build/firmware_interfaces/rosidl_generator_cpp/firmware_interfaces/msg/detail/twist_and_req__struct.hpp:20:10:[m[K [01;31m[Kfatal error: [m[Kgeometry_msgs/msg/detail/twist__struct.hpp: No such file or directory
   20 | #include [01;31m[K"geometry_msgs/msg/detail/twist__struct.hpp"[m[K
      |          [01;31m[K^~~~~~~~~~~~~~~~~~~~~~~~~~~~~~~~~~~~~~~~~~~~[m[K
compilation terminated.
In file included from [01m[K/home/xander/firmware_overall/ros2_wk/build/firmware_interfaces/rosidl_typesupport_fastrtps_cpp/firmware_interfaces/msg/detail/twist_and_req__rosidl_typesupport_fastrtps_cpp.hpp:11[m[K,
                 from [01m[K/home/xander/firmware_overall/ros2_wk/build/firmware_interfaces/rosidl_typesupport_fastrtps_cpp/firmware_interfaces/msg/detail/dds_fastrtps/twist_and_req__type_support.cpp:4[m[K:
[01m[K/home/xander/firmware_overall/ros2_wk/build/firmware_interfaces/rosidl_generator_cpp/firmware_interfaces/msg/detail/twist_and_req__struct.hpp:20:10:[m[K [01;31m[Kfatal error: [m[Kgeometry_msgs/msg/detail/twist__struct.hpp: No such file or directory
   20 | #include [01;31m[K"geometry_msgs/msg/detail/twist__struct.hpp"[m[K
      |          [01;31m[K^~~~~~~~~~~~~~~~~~~~~~~~~~~~~~~~~~~~~~~~~~~~[m[K
compilation terminated.
gmake[2]: *** [CMakeFiles/firmware_interfaces__rosidl_typesupport_cpp.dir/build.make:86: CMakeFiles/firmware_interfaces__rosidl_typesupport_cpp.dir/rosidl_typesupport_cpp/firmware_interfaces/msg/twist_and_req__type_support.cpp.o] Error 1
gmake[1]: *** [CMakeFiles/Makefile2:395: CMakeFiles/firmware_interfaces__rosidl_typesupport_cpp.dir/all] Error 2
gmake[2]: *** [CMakeFiles/firmware_interfaces__rosidl_typesupport_fastrtps_cpp.dir/build.make:91: CMakeFiles/firmware_interfaces__rosidl_typesupport_fastrtps_cpp.dir/rosidl_typesupport_fastrtps_cpp/firmware_interfaces/msg/detail/dds_fastrtps/twist_and_req__type_support.cpp.o] Error 1
In file included from [01m[K/home/xander/firmware_overall/ros2_wk/build/firmware_interfaces/rosidl_typesupport_introspection_cpp/firmware_interfaces/msg/detail/twist_and_req__type_support.cpp:12[m[K:
[01m[K/home/xander/firmware_overall/ros2_wk/build/firmware_interfaces/rosidl_generator_cpp/firmware_interfaces/msg/detail/twist_and_req__struct.hpp:20:10:[m[K [01;31m[Kfatal error: [m[Kgeometry_msgs/msg/detail/twist__struct.hpp: No such file or directory
   20 | #include [01;31m[K"geometry_msgs/msg/detail/twist__struct.hpp"[m[K
      |          [01;31m[K^~~~~~~~~~~~~~~~~~~~~~~~~~~~~~~~~~~~~~~~~~~~[m[K
compilation terminated.
gmake[1]: *** [CMakeFiles/Makefile2:291: CMakeFiles/firmware_interfaces__rosidl_typesupport_fastrtps_cpp.dir/all] Error 2
gmake[2]: *** [CMakeFiles/firmware_interfaces__rosidl_typesupport_introspection_cpp.dir/build.make:91: CMakeFiles/firmware_interfaces__rosidl_typesupport_introspection_cpp.dir/rosidl_typesupport_introspection_cpp/firmware_interfaces/msg/detail/twist_and_req__type_support.cpp.o] Error 1
gmake[1]: *** [CMakeFiles/Makefile2:369: CMakeFiles/firmware_interfaces__rosidl_typesupport_introspection_cpp.dir/all] Error 2
gmake: *** [Makefile:146: all] Error 2
