[0.111s] Invoking command in '/home/xander/firmware_overall/ros2_wk/build/mux': CMAKE_PREFIX_PATH=${CMAKE_PREFIX_PATH}:/home/xander/ros2_ws/install/my_py_pkg:/opt/ros/humble /usr/bin/cmake /home/xander/firmware_overall/ros2_wk/src/mux -DCMAKE_INSTALL_PREFIX=/home/xander/firmware_overall/ros2_wk/install/mux
[0.368s] -- The C compiler identification is GNU 11.4.0
[0.515s] -- The CXX compiler identification is GNU 11.4.0
[0.570s] -- Detecting C compiler ABI info
[0.686s] -- Detecting C compiler ABI info - done
[0.697s] -- Check for working C compiler: /usr/bin/cc - skipped
[0.697s] -- Detecting C compile features
[0.722s] -- Detecting C compile features - done
[0.740s] -- Detecting CXX compiler ABI info
[0.887s] -- Detecting CXX compiler ABI info - done
[0.892s] -- Check for working CXX compiler: /usr/bin/c++ - skipped
[0.892s] -- Detecting CXX compile features
[0.892s] -- Detecting CXX compile features - done
[0.971s] -- Found ament_cmake: 1.3.10 (/opt/ros/humble/share/ament_cmake/cmake)
[1.164s] -- Found Python3: /usr/bin/python3 (found version "3.10.12") found components: Interpreter 
[1.345s] -- Found rclcpp: 16.0.10 (/opt/ros/humble/share/rclcpp/cmake)
[1.421s] -- Found rosidl_generator_c: 3.1.5 (/opt/ros/humble/share/rosidl_generator_c/cmake)
[1.426s] -- Found rosidl_adapter: 3.1.5 (/opt/ros/humble/share/rosidl_adapter/cmake)
[1.432s] -- Found rosidl_generator_cpp: 3.1.5 (/opt/ros/humble/share/rosidl_generator_cpp/cmake)
[1.439s] -- Using all available rosidl_typesupport_c: rosidl_typesupport_fastrtps_c;rosidl_typesupport_introspection_c
[1.469s] -- Using all available rosidl_typesupport_cpp: rosidl_typesupport_fastrtps_cpp;rosidl_typesupport_introspection_cpp
[1.514s] -- Found rmw_implementation_cmake: 6.1.2 (/opt/ros/humble/share/rmw_implementation_cmake/cmake)
[1.514s] -- Found rmw_fastrtps_cpp: 6.2.7 (/opt/ros/humble/share/rmw_fastrtps_cpp/cmake)
[1.658s] -- Found OpenSSL: /usr/lib/x86_64-linux-gnu/libcrypto.so (found version "3.0.2")  
[1.690s] -- Found FastRTPS: /opt/ros/humble/include  
[1.726s] -- Using RMW implementation 'rmw_fastrtps_cpp' as default
[1.734s] -- Looking for pthread.h
[1.831s] -- Looking for pthread.h - found
[1.831s] -- Performing Test CMAKE_HAVE_LIBC_PTHREAD
[2.009s] -- Performing Test CMAKE_HAVE_LIBC_PTHREAD - Success
[2.009s] -- Found Threads: TRUE  
[2.115s] -- Found ament_lint_auto: 0.12.11 (/opt/ros/humble/share/ament_lint_auto/cmake)
[2.269s] -- Added test 'cppcheck' to perform static code analysis on C / C++ code
[2.269s] -- Configured cppcheck include dirs: 
[2.269s] -- Configured cppcheck exclude dirs and/or files: 
[2.270s] -- Added test 'lint_cmake' to check CMake code style
[2.273s] -- Added test 'uncrustify' to check C / C++ code style
[2.274s] -- Configured uncrustify additional arguments: 
[2.292s] -- Added test 'xmllint' to check XML markup files
[2.297s] -- Configuring done
[2.303s] -- Generating done
[2.305s] -- Build files have been written to: /home/xander/firmware_overall/ros2_wk/build/mux
[2.321s] Invoked command in '/home/xander/firmware_overall/ros2_wk/build/mux' returned '0': CMAKE_PREFIX_PATH=${CMAKE_PREFIX_PATH}:/home/xander/ros2_ws/install/my_py_pkg:/opt/ros/humble /usr/bin/cmake /home/xander/firmware_overall/ros2_wk/src/mux -DCMAKE_INSTALL_PREFIX=/home/xander/firmware_overall/ros2_wk/install/mux
[2.321s] Invoking command in '/home/xander/firmware_overall/ros2_wk/build/mux': CMAKE_PREFIX_PATH=${CMAKE_PREFIX_PATH}:/home/xander/ros2_ws/install/my_py_pkg:/opt/ros/humble /usr/bin/cmake --build /home/xander/firmware_overall/ros2_wk/build/mux -- -j6 -l6
[2.428s] [ 50%] [32mBuilding CXX object CMakeFiles/mux.dir/src/mux.cpp.o[0m
[2.773s] [01m[K/home/xander/firmware_overall/ros2_wk/src/mux/src/mux.cpp:3:10:[m[K [01;31m[Kfatal error: [m[Kgeometry_msgs/msg/twist.hpp: No such file or directory
[2.774s]     3 | #include [01;31m[K"geometry_msgs/msg/twist.hpp"[m[K
[2.774s]       |          [01;31m[K^~~~~~~~~~~~~~~~~~~~~~~~~~~~~[m[K
[2.774s] compilation terminated.
[2.781s] gmake[2]: *** [CMakeFiles/mux.dir/build.make:76: CMakeFiles/mux.dir/src/mux.cpp.o] Error 1
[2.781s] gmake[1]: *** [CMakeFiles/Makefile2:137: CMakeFiles/mux.dir/all] Error 2
[2.781s] gmake: *** [Makefile:146: all] Error 2
[2.813s] Invoked command in '/home/xander/firmware_overall/ros2_wk/build/mux' returned '2': CMAKE_PREFIX_PATH=${CMAKE_PREFIX_PATH}:/home/xander/ros2_ws/install/my_py_pkg:/opt/ros/humble /usr/bin/cmake --build /home/xander/firmware_overall/ros2_wk/build/mux -- -j6 -l6
